1709353093.065956 client started (67363): version 3.2a, socket /tmp/tmux-1000/default, protocol 8
1709353093.065967 on Linux 5.15.133.1-microsoft-standard-WSL2 #1 SMP Thu Oct 5 21:02:42 UTC 2023
1709353093.065969 using libevent 2.1.12-stable (poll); ncurses 6.3
1709353093.065973 flags are 0x10010000
1709353093.065974 socket is /tmp/tmux-1000/default
1709353093.065978 trying connect
1709353093.066009 add peer 0x5593d5943f70: 6 ((nil))
1709353093.066189 sending message 100 to peer 0x5593d5943f70 (4 bytes)
1709353093.066192 sending message 111 to peer 0x5593d5943f70 (8 bytes)
1709353093.066194 sending message 101 to peer 0x5593d5943f70 (14 bytes)
1709353093.066195 sending message 109 to peer 0x5593d5943f70 (4 bytes)
1709353093.066196 sending message 102 to peer 0x5593d5943f70 (12 bytes)
1709353093.066197 sending message 108 to peer 0x5593d5943f70 (25 bytes)
1709353093.066199 sending message 112 to peer 0x5593d5943f70 (70 bytes)
1709353093.066200 sending message 112 to peer 0x5593d5943f70 (5 bytes)
1709353093.066201 sending message 112 to peer 0x5593d5943f70 (5 bytes)
1709353093.066202 sending message 112 to peer 0x5593d5943f70 (6 bytes)
1709353093.066203 sending message 112 to peer 0x5593d5943f70 (6 bytes)
1709353093.066204 sending message 112 to peer 0x5593d5943f70 (11 bytes)
1709353093.066206 sending message 112 to peer 0x5593d5943f70 (10 bytes)
1709353093.066207 sending message 112 to peer 0x5593d5943f70 (13 bytes)
1709353093.066208 sending message 112 to peer 0x5593d5943f70 (13 bytes)
1709353093.066209 sending message 112 to peer 0x5593d5943f70 (18 bytes)
1709353093.066210 sending message 112 to peer 0x5593d5943f70 (11 bytes)
1709353093.066211 sending message 112 to peer 0x5593d5943f70 (10 bytes)
1709353093.066212 sending message 112 to peer 0x5593d5943f70 (15 bytes)
1709353093.066213 sending message 112 to peer 0x5593d5943f70 (21 bytes)
1709353093.066214 sending message 112 to peer 0x5593d5943f70 (13 bytes)
1709353093.066215 sending message 112 to peer 0x5593d5943f70 (7 bytes)
1709353093.066216 sending message 112 to peer 0x5593d5943f70 (13 bytes)
1709353093.066217 sending message 112 to peer 0x5593d5943f70 (7 bytes)
1709353093.066218 sending message 112 to peer 0x5593d5943f70 (13 bytes)
1709353093.066220 sending message 112 to peer 0x5593d5943f70 (9 bytes)
1709353093.066221 sending message 112 to peer 0x5593d5943f70 (21 bytes)
1709353093.066222 sending message 112 to peer 0x5593d5943f70 (13 bytes)
1709353093.066223 sending message 112 to peer 0x5593d5943f70 (8 bytes)
1709353093.066224 sending message 112 to peer 0x5593d5943f70 (12 bytes)
1709353093.066225 sending message 112 to peer 0x5593d5943f70 (13 bytes)
1709353093.066226 sending message 112 to peer 0x5593d5943f70 (9 bytes)
1709353093.066227 sending message 112 to peer 0x5593d5943f70 (9 bytes)
1709353093.066228 sending message 112 to peer 0x5593d5943f70 (12 bytes)
1709353093.066229 sending message 112 to peer 0x5593d5943f70 (8 bytes)
1709353093.066230 sending message 112 to peer 0x5593d5943f70 (8 bytes)
1709353093.066231 sending message 112 to peer 0x5593d5943f70 (7 bytes)
1709353093.066232 sending message 112 to peer 0x5593d5943f70 (7 bytes)
1709353093.066233 sending message 112 to peer 0x5593d5943f70 (9 bytes)
1709353093.066234 sending message 112 to peer 0x5593d5943f70 (13 bytes)
1709353093.066235 sending message 112 to peer 0x5593d5943f70 (6 bytes)
1709353093.066236 sending message 112 to peer 0x5593d5943f70 (9 bytes)
1709353093.066237 sending message 112 to peer 0x5593d5943f70 (15 bytes)
1709353093.066238 sending message 112 to peer 0x5593d5943f70 (13 bytes)
1709353093.066239 sending message 112 to peer 0x5593d5943f70 (12 bytes)
1709353093.066240 sending message 112 to peer 0x5593d5943f70 (8 bytes)
1709353093.066242 sending message 112 to peer 0x5593d5943f70 (14 bytes)
1709353093.066243 sending message 112 to peer 0x5593d5943f70 (11 bytes)
1709353093.066244 sending message 112 to peer 0x5593d5943f70 (9 bytes)
1709353093.066245 sending message 112 to peer 0x5593d5943f70 (10 bytes)
1709353093.066246 sending message 112 to peer 0x5593d5943f70 (10 bytes)
1709353093.066247 sending message 112 to peer 0x5593d5943f70 (10 bytes)
1709353093.066251 sending message 112 to peer 0x5593d5943f70 (10 bytes)
1709353093.066252 sending message 112 to peer 0x5593d5943f70 (11 bytes)
1709353093.066253 sending message 112 to peer 0x5593d5943f70 (12 bytes)
1709353093.066254 sending message 112 to peer 0x5593d5943f70 (12 bytes)
1709353093.066255 sending message 112 to peer 0x5593d5943f70 (12 bytes)
1709353093.066256 sending message 112 to peer 0x5593d5943f70 (12 bytes)
1709353093.066257 sending message 112 to peer 0x5593d5943f70 (12 bytes)
1709353093.066258 sending message 112 to peer 0x5593d5943f70 (11 bytes)
1709353093.066259 sending message 112 to peer 0x5593d5943f70 (11 bytes)
1709353093.066260 sending message 112 to peer 0x5593d5943f70 (12 bytes)
1709353093.066261 sending message 112 to peer 0x5593d5943f70 (12 bytes)
1709353093.066262 sending message 112 to peer 0x5593d5943f70 (12 bytes)
1709353093.066263 sending message 112 to peer 0x5593d5943f70 (12 bytes)
1709353093.066264 sending message 112 to peer 0x5593d5943f70 (12 bytes)
1709353093.066265 sending message 112 to peer 0x5593d5943f70 (10 bytes)
1709353093.066266 sending message 112 to peer 0x5593d5943f70 (12 bytes)
1709353093.066267 sending message 112 to peer 0x5593d5943f70 (13 bytes)
1709353093.066268 sending message 112 to peer 0x5593d5943f70 (13 bytes)
1709353093.066269 sending message 112 to peer 0x5593d5943f70 (13 bytes)
1709353093.066270 sending message 112 to peer 0x5593d5943f70 (13 bytes)
1709353093.066271 sending message 112 to peer 0x5593d5943f70 (13 bytes)
1709353093.066272 sending message 112 to peer 0x5593d5943f70 (8 bytes)
1709353093.066273 sending message 112 to peer 0x5593d5943f70 (11 bytes)
1709353093.066274 sending message 112 to peer 0x5593d5943f70 (11 bytes)
1709353093.066275 sending message 112 to peer 0x5593d5943f70 (11 bytes)
1709353093.066276 sending message 112 to peer 0x5593d5943f70 (12 bytes)
1709353093.066277 sending message 112 to peer 0x5593d5943f70 (12 bytes)
1709353093.066278 sending message 112 to peer 0x5593d5943f70 (12 bytes)
1709353093.066279 sending message 112 to peer 0x5593d5943f70 (12 bytes)
1709353093.066280 sending message 112 to peer 0x5593d5943f70 (13 bytes)
1709353093.066281 sending message 112 to peer 0x5593d5943f70 (13 bytes)
1709353093.066282 sending message 112 to peer 0x5593d5943f70 (13 bytes)
1709353093.066283 sending message 112 to peer 0x5593d5943f70 (8 bytes)
1709353093.066285 sending message 112 to peer 0x5593d5943f70 (13 bytes)
1709353093.066285 sending message 112 to peer 0x5593d5943f70 (13 bytes)
1709353093.066287 sending message 112 to peer 0x5593d5943f70 (13 bytes)
1709353093.066288 sending message 112 to peer 0x5593d5943f70 (13 bytes)
1709353093.066289 sending message 112 to peer 0x5593d5943f70 (13 bytes)
1709353093.066289 sending message 112 to peer 0x5593d5943f70 (12 bytes)
1709353093.066290 sending message 112 to peer 0x5593d5943f70 (12 bytes)
1709353093.066291 sending message 112 to peer 0x5593d5943f70 (12 bytes)
1709353093.066292 sending message 112 to peer 0x5593d5943f70 (12 bytes)
1709353093.066293 sending message 112 to peer 0x5593d5943f70 (13 bytes)
1709353093.066295 sending message 112 to peer 0x5593d5943f70 (8 bytes)
1709353093.066296 sending message 112 to peer 0x5593d5943f70 (13 bytes)
1709353093.066297 sending message 112 to peer 0x5593d5943f70 (13 bytes)
1709353093.066298 sending message 112 to peer 0x5593d5943f70 (13 bytes)
1709353093.066299 sending message 112 to peer 0x5593d5943f70 (13 bytes)
1709353093.066300 sending message 112 to peer 0x5593d5943f70 (13 bytes)
1709353093.066301 sending message 112 to peer 0x5593d5943f70 (13 bytes)
1709353093.066302 sending message 112 to peer 0x5593d5943f70 (13 bytes)
1709353093.066303 sending message 112 to peer 0x5593d5943f70 (12 bytes)
1709353093.066304 sending message 112 to peer 0x5593d5943f70 (12 bytes)
1709353093.066305 sending message 112 to peer 0x5593d5943f70 (12 bytes)
1709353093.066306 sending message 112 to peer 0x5593d5943f70 (8 bytes)
1709353093.066307 sending message 112 to peer 0x5593d5943f70 (12 bytes)
1709353093.066308 sending message 112 to peer 0x5593d5943f70 (13 bytes)
1709353093.066311 sending message 112 to peer 0x5593d5943f70 (13 bytes)
1709353093.066312 sending message 112 to peer 0x5593d5943f70 (13 bytes)
1709353093.066313 sending message 112 to peer 0x5593d5943f70 (13 bytes)
1709353093.066314 sending message 112 to peer 0x5593d5943f70 (13 bytes)
1709353093.066315 sending message 112 to peer 0x5593d5943f70 (13 bytes)
1709353093.066316 sending message 112 to peer 0x5593d5943f70 (13 bytes)
1709353093.066317 sending message 112 to peer 0x5593d5943f70 (13 bytes)
1709353093.066318 sending message 112 to peer 0x5593d5943f70 (12 bytes)
1709353093.066319 sending message 112 to peer 0x5593d5943f70 (10 bytes)
1709353093.066320 sending message 112 to peer 0x5593d5943f70 (12 bytes)
1709353093.066321 sending message 112 to peer 0x5593d5943f70 (12 bytes)
1709353093.066322 sending message 112 to peer 0x5593d5943f70 (12 bytes)
1709353093.066323 sending message 112 to peer 0x5593d5943f70 (13 bytes)
1709353093.066324 sending message 112 to peer 0x5593d5943f70 (13 bytes)
1709353093.066325 sending message 112 to peer 0x5593d5943f70 (13 bytes)
1709353093.066326 sending message 112 to peer 0x5593d5943f70 (13 bytes)
1709353093.066327 sending message 112 to peer 0x5593d5943f70 (13 bytes)
1709353093.066328 sending message 112 to peer 0x5593d5943f70 (13 bytes)
1709353093.066329 sending message 112 to peer 0x5593d5943f70 (13 bytes)
1709353093.066330 sending message 112 to peer 0x5593d5943f70 (10 bytes)
1709353093.066331 sending message 112 to peer 0x5593d5943f70 (13 bytes)
1709353093.066333 sending message 112 to peer 0x5593d5943f70 (12 bytes)
1709353093.066334 sending message 112 to peer 0x5593d5943f70 (12 bytes)
1709353093.066335 sending message 112 to peer 0x5593d5943f70 (12 bytes)
1709353093.066336 sending message 112 to peer 0x5593d5943f70 (10 bytes)
1709353093.066337 sending message 112 to peer 0x5593d5943f70 (10 bytes)
1709353093.066338 sending message 112 to peer 0x5593d5943f70 (10 bytes)
1709353093.066339 sending message 112 to peer 0x5593d5943f70 (12 bytes)
1709353093.066340 sending message 112 to peer 0x5593d5943f70 (13 bytes)
1709353093.066341 sending message 112 to peer 0x5593d5943f70 (13 bytes)
1709353093.066342 sending message 112 to peer 0x5593d5943f70 (13 bytes)
1709353093.066343 sending message 112 to peer 0x5593d5943f70 (13 bytes)
1709353093.066344 sending message 112 to peer 0x5593d5943f70 (13 bytes)
1709353093.066345 sending message 112 to peer 0x5593d5943f70 (11 bytes)
1709353093.066346 sending message 112 to peer 0x5593d5943f70 (11 bytes)
1709353093.066347 sending message 112 to peer 0x5593d5943f70 (12 bytes)
1709353093.066348 sending message 112 to peer 0x5593d5943f70 (12 bytes)
1709353093.066349 sending message 112 to peer 0x5593d5943f70 (12 bytes)
1709353093.066350 sending message 112 to peer 0x5593d5943f70 (12 bytes)
1709353093.066351 sending message 112 to peer 0x5593d5943f70 (12 bytes)
1709353093.066352 sending message 112 to peer 0x5593d5943f70 (11 bytes)
1709353093.066353 sending message 112 to peer 0x5593d5943f70 (12 bytes)
1709353093.066354 sending message 112 to peer 0x5593d5943f70 (12 bytes)
1709353093.066355 sending message 112 to peer 0x5593d5943f70 (13 bytes)
1709353093.066356 sending message 112 to peer 0x5593d5943f70 (13 bytes)
1709353093.066357 sending message 112 to peer 0x5593d5943f70 (13 bytes)
1709353093.066358 sending message 112 to peer 0x5593d5943f70 (13 bytes)
1709353093.066359 sending message 112 to peer 0x5593d5943f70 (13 bytes)
1709353093.066360 sending message 112 to peer 0x5593d5943f70 (10 bytes)
1709353093.066361 sending message 112 to peer 0x5593d5943f70 (9 bytes)
1709353093.066362 sending message 112 to peer 0x5593d5943f70 (12 bytes)
1709353093.066363 sending message 112 to peer 0x5593d5943f70 (13 bytes)
1709353093.066364 sending message 112 to peer 0x5593d5943f70 (13 bytes)
1709353093.066365 sending message 112 to peer 0x5593d5943f70 (13 bytes)
1709353093.066366 sending message 112 to peer 0x5593d5943f70 (13 bytes)
1709353093.066367 sending message 112 to peer 0x5593d5943f70 (13 bytes)
1709353093.066369 sending message 112 to peer 0x5593d5943f70 (9 bytes)
1709353093.066370 sending message 112 to peer 0x5593d5943f70 (12 bytes)
1709353093.066376 sending message 112 to peer 0x5593d5943f70 (13 bytes)
1709353093.066378 sending message 112 to peer 0x5593d5943f70 (13 bytes)
1709353093.066379 sending message 112 to peer 0x5593d5943f70 (13 bytes)
1709353093.066380 sending message 112 to peer 0x5593d5943f70 (13 bytes)
1709353093.066381 sending message 112 to peer 0x5593d5943f70 (13 bytes)
1709353093.066382 sending message 112 to peer 0x5593d5943f70 (11 bytes)
1709353093.066383 sending message 112 to peer 0x5593d5943f70 (12 bytes)
1709353093.066384 sending message 112 to peer 0x5593d5943f70 (13 bytes)
1709353093.066386 sending message 112 to peer 0x5593d5943f70 (13 bytes)
1709353093.066387 sending message 112 to peer 0x5593d5943f70 (13 bytes)
1709353093.066388 sending message 112 to peer 0x5593d5943f70 (13 bytes)
1709353093.066389 sending message 112 to peer 0x5593d5943f70 (13 bytes)
1709353093.066390 sending message 112 to peer 0x5593d5943f70 (11 bytes)
1709353093.066391 sending message 112 to peer 0x5593d5943f70 (12 bytes)
1709353093.066392 sending message 112 to peer 0x5593d5943f70 (12 bytes)
1709353093.066393 sending message 112 to peer 0x5593d5943f70 (12 bytes)
1709353093.066394 sending message 112 to peer 0x5593d5943f70 (12 bytes)
1709353093.066395 sending message 112 to peer 0x5593d5943f70 (12 bytes)
1709353093.066396 sending message 112 to peer 0x5593d5943f70 (21 bytes)
1709353093.066397 sending message 112 to peer 0x5593d5943f70 (12 bytes)
1709353093.066398 sending message 112 to peer 0x5593d5943f70 (9 bytes)
1709353093.066399 sending message 112 to peer 0x5593d5943f70 (6 bytes)
1709353093.066400 sending message 112 to peer 0x5593d5943f70 (8 bytes)
1709353093.066401 sending message 112 to peer 0x5593d5943f70 (15 bytes)
1709353093.066402 sending message 112 to peer 0x5593d5943f70 (13 bytes)
1709353093.066403 sending message 112 to peer 0x5593d5943f70 (9 bytes)
1709353093.066404 sending message 112 to peer 0x5593d5943f70 (70 bytes)
1709353093.066405 sending message 112 to peer 0x5593d5943f70 (69 bytes)
1709353093.066407 sending message 112 to peer 0x5593d5943f70 (10 bytes)
1709353093.066408 sending message 112 to peer 0x5593d5943f70 (10 bytes)
1709353093.066409 sending message 112 to peer 0x5593d5943f70 (8 bytes)
1709353093.066410 sending message 112 to peer 0x5593d5943f70 (15 bytes)
1709353093.066411 sending message 112 to peer 0x5593d5943f70 (13 bytes)
1709353093.066412 sending message 112 to peer 0x5593d5943f70 (10 bytes)
1709353093.066413 sending message 112 to peer 0x5593d5943f70 (10 bytes)
1709353093.066414 sending message 112 to peer 0x5593d5943f70 (17 bytes)
1709353093.066415 sending message 112 to peer 0x5593d5943f70 (10 bytes)
1709353093.066416 sending message 112 to peer 0x5593d5943f70 (13 bytes)
1709353093.066417 sending message 112 to peer 0x5593d5943f70 (9 bytes)
1709353093.066418 sending message 112 to peer 0x5593d5943f70 (5 bytes)
1709353093.066419 sending message 112 to peer 0x5593d5943f70 (15 bytes)
1709353093.066420 sending message 104 to peer 0x5593d5943f70 (0 bytes)
1709353093.066422 sending message 110 to peer 0x5593d5943f70 (0 bytes)
1709353093.066423 sending message 107 to peer 0x5593d5943f70 (4 bytes)
1709353093.066424 sending message 105 to peer 0x5593d5943f70 (16 bytes)
1709353093.066425 sending message 105 to peer 0x5593d5943f70 (60 bytes)
1709353093.066426 sending message 105 to peer 0x5593d5943f70 (33 bytes)
1709353093.066427 sending message 105 to peer 0x5593d5943f70 (24 bytes)
1709353093.066428 sending message 105 to peer 0x5593d5943f70 (26 bytes)
1709353093.066429 sending message 105 to peer 0x5593d5943f70 (23 bytes)
1709353093.066430 sending message 105 to peer 0x5593d5943f70 (35 bytes)
1709353093.066431 sending message 105 to peer 0x5593d5943f70 (52 bytes)
1709353093.066432 sending message 105 to peer 0x5593d5943f70 (19 bytes)
1709353093.066434 sending message 105 to peer 0x5593d5943f70 (29 bytes)
1709353093.066435 sending message 105 to peer 0x5593d5943f70 (14 bytes)
1709353093.066436 sending message 105 to peer 0x5593d5943f70 (17 bytes)
1709353093.066437 sending message 105 to peer 0x5593d5943f70 (13 bytes)
1709353093.066438 sending message 105 to peer 0x5593d5943f70 (33 bytes)
1709353093.066440 sending message 105 to peer 0x5593d5943f70 (1519 bytes)
1709353093.066442 sending message 105 to peer 0x5593d5943f70 (26 bytes)
1709353093.066443 sending message 105 to peer 0x5593d5943f70 (52 bytes)
1709353093.066444 sending message 105 to peer 0x5593d5943f70 (25 bytes)
1709353093.066445 sending message 105 to peer 0x5593d5943f70 (34 bytes)
1709353093.066446 sending message 105 to peer 0x5593d5943f70 (19 bytes)
1709353093.066448 sending message 105 to peer 0x5593d5943f70 (27 bytes)
1709353093.066449 sending message 105 to peer 0x5593d5943f70 (32 bytes)
1709353093.066450 sending message 105 to peer 0x5593d5943f70 (11 bytes)
1709353093.066451 sending message 105 to peer 0x5593d5943f70 (14 bytes)
1709353093.066452 sending message 105 to peer 0x5593d5943f70 (11 bytes)
1709353093.066453 sending message 105 to peer 0x5593d5943f70 (8 bytes)
1709353093.066454 sending message 105 to peer 0x5593d5943f70 (14 bytes)
1709353093.066455 sending message 105 to peer 0x5593d5943f70 (32 bytes)
1709353093.066456 sending message 105 to peer 0x5593d5943f70 (8 bytes)
1709353093.066457 sending message 105 to peer 0x5593d5943f70 (65 bytes)
1709353093.066458 sending message 105 to peer 0x5593d5943f70 (1241 bytes)
1709353093.066460 sending message 105 to peer 0x5593d5943f70 (54 bytes)
1709353093.066461 sending message 105 to peer 0x5593d5943f70 (51 bytes)
1709353093.066462 sending message 105 to peer 0x5593d5943f70 (16 bytes)
1709353093.066463 sending message 105 to peer 0x5593d5943f70 (40 bytes)
1709353093.066464 sending message 105 to peer 0x5593d5943f70 (27 bytes)
1709353093.066465 sending message 105 to peer 0x5593d5943f70 (18 bytes)
1709353093.066466 sending message 105 to peer 0x5593d5943f70 (16 bytes)
1709353093.066467 sending message 106 to peer 0x5593d5943f70 (0 bytes)
1709353093.066470 sending message 200 to peer 0x5593d5943f70 (4 bytes)
1709353093.066471 client loop enter
1709353093.066857 peer 0x5593d5943f70 message 303
1709353093.066862 open write file 2 -
1709353093.066866 sending message 305 to peer 0x5593d5943f70 (8 bytes)
1709353093.066870 write check file 2
1709353093.067008 peer 0x5593d5943f70 message 304
1709353093.067010 write 58 to file 2
1709353093.067012 peer 0x5593d5943f70 message 203
1709353093.067013 file 2 58 bytes left
1709353093.067025 write check file 2
1709353093.067027 client loop exit
